[logs/iOS_iPhone 14 Pro Max INFO ] 2023-08-11 10:57:17.581 BaseTest:111 - This is info message
[logs/iOS_iPhone 14 Pro Max ERROR] 2023-08-11 10:57:17.601 BaseTest:112 - This is error message
[logs/iOS_iPhone 14 Pro Max DEBUG] 2023-08-11 10:57:17.602 BaseTest:113 - This is debug message
[logs/iOS_iPhone 14 Pro Max WARN ] 2023-08-11 10:57:17.602 BaseTest:114 - This is warning message
[logs/iOS_iPhone 14 Pro Max INFO ] 2023-08-11 10:58:05.939 BaseTest:111 - This is info message
[logs/iOS_iPhone 14 Pro Max ERROR] 2023-08-11 10:58:06.016 BaseTest:112 - This is error message
[logs/iOS_iPhone 14 Pro Max DEBUG] 2023-08-11 10:58:06.016 BaseTest:113 - This is debug message
[logs/iOS_iPhone 14 Pro Max WARN ] 2023-08-11 10:58:06.017 BaseTest:114 - This is warning message
[logs/iOS_iPhone 14 Pro Max INFO ] 2023-08-11 10:59:56.847 BaseTest:111 - This is info message
[logs/iOS_iPhone 14 Pro Max ERROR] 2023-08-11 10:59:56.866 BaseTest:112 - This is error message
[logs/iOS_iPhone 14 Pro Max DEBUG] 2023-08-11 10:59:56.866 BaseTest:113 - This is debug message
[logs/iOS_iPhone 14 Pro Max WARN ] 2023-08-11 10:59:56.867 BaseTest:114 - This is warning message
[logs/iOS_iPhone 14 Pro Max INFO ] 2023-08-11 11:01:07.378 BaseTest:111 - This is info message
[logs/iOS_iPhone 14 Pro Max ERROR] 2023-08-11 11:01:07.398 BaseTest:112 - This is error message
[logs/iOS_iPhone 14 Pro Max DEBUG] 2023-08-11 11:01:07.399 BaseTest:113 - This is debug message
[logs/iOS_iPhone 14 Pro Max WARN ] 2023-08-11 11:01:07.399 BaseTest:114 - This is warning message
[logs/iOS_iPhone 14 Pro Max INFO ] 2023-08-11 11:05:46.053 BaseTest:111 - This is info message
[logs/iOS_iPhone 14 Pro Max ERROR] 2023-08-11 11:05:46.073 BaseTest:112 - This is error message
[logs/iOS_iPhone 14 Pro Max DEBUG] 2023-08-11 11:05:46.074 BaseTest:113 - This is debug message
[logs/iOS_iPhone 14 Pro Max WARN ] 2023-08-11 11:05:46.074 BaseTest:114 - This is warning message
[logs/iOS_iPhone 14 Pro Max INFO ] 2023-08-11 11:10:20.374 BaseTest:111 - This is info message
[logs/iOS_iPhone 14 Pro Max ERROR] 2023-08-11 11:10:20.394 BaseTest:112 - This is error message
[logs/iOS_iPhone 14 Pro Max DEBUG] 2023-08-11 11:10:20.394 BaseTest:113 - This is debug message
[logs/iOS_iPhone 14 Pro Max WARN ] 2023-08-11 11:10:20.394 BaseTest:114 - This is warning message
[logs/iOS_iPhone 14 Pro Max INFO ] 2023-08-11 13:23:48.198 BaseTest:108 - This is info message
[logs/iOS_iPhone 14 Pro Max ERROR] 2023-08-11 13:23:48.216 BaseTest:109 - This is error message
[logs/iOS_iPhone 14 Pro Max DEBUG] 2023-08-11 13:23:48.217 BaseTest:110 - This is debug message
[logs/iOS_iPhone 14 Pro Max WARN ] 2023-08-11 13:23:48.217 BaseTest:111 - This is warning message
[logs/iOS_iPhone 14 Pro Max INFO ] 2023-08-11 13:24:21.080 BaseTest:108 - This is info message
[logs/iOS_iPhone 14 Pro Max ERROR] 2023-08-11 13:24:21.130 BaseTest:109 - This is error message
[logs/iOS_iPhone 14 Pro Max DEBUG] 2023-08-11 13:24:21.131 BaseTest:110 - This is debug message
[logs/iOS_iPhone 14 Pro Max WARN ] 2023-08-11 13:24:21.131 BaseTest:111 - This is warning message
[logs/iOS_iPhone 14 Pro Max INFO ] 2023-08-11 16:24:35.559 BaseTest:114 - This is info message
[logs/iOS_iPhone 14 Pro Max ERROR] 2023-08-11 16:24:35.578 BaseTest:115 - This is error message
[logs/iOS_iPhone 14 Pro Max DEBUG] 2023-08-11 16:24:35.578 BaseTest:116 - This is debug message
[logs/iOS_iPhone 14 Pro Max WARN ] 2023-08-11 16:24:35.578 BaseTest:117 - This is warning message
[logs/iOS_iPhone 14 Pro Max INFO ] 2023-08-11 16:29:55.973 BaseTest:114 - This is info message
[logs/iOS_iPhone 14 Pro Max ERROR] 2023-08-11 16:29:55.992 BaseTest:115 - This is error message
[logs/iOS_iPhone 14 Pro Max DEBUG] 2023-08-11 16:29:55.992 BaseTest:116 - This is debug message
[logs/iOS_iPhone 14 Pro Max WARN ] 2023-08-11 16:29:55.992 BaseTest:117 - This is warning message
[logs/iOS_iPhone 14 Pro Max INFO ] 2023-08-11 16:32:11.235 BaseTest:114 - This is info message
[logs/iOS_iPhone 14 Pro Max ERROR] 2023-08-11 16:32:11.253 BaseTest:115 - This is error message
[logs/iOS_iPhone 14 Pro Max DEBUG] 2023-08-11 16:32:11.254 BaseTest:116 - This is debug message
[logs/iOS_iPhone 14 Pro Max WARN ] 2023-08-11 16:32:11.254 BaseTest:117 - This is warning message
[logs/iOS_iPhone 14 Pro Max INFO ] 2023-08-16 14:18:35.812 BaseTest:187 - log path: logs/iOS_iPhone 14 Pro Max
[logs/iOS_iPhone 14 Pro Max INFO ] 2023-08-16 14:18:35.886 BaseTest:194 - load config.properties
[logs/iOS_iPhone 14 Pro Max INFO ] 2023-08-16 14:18:35.892 BaseTest:199 - load strings/strings.xml
[logs/iOS_iPhone 14 Pro Max INFO ] 2023-08-16 14:18:35.899 BaseTest:234 - appUrl is/Users/annprodous/TDDFrameworkAlt/src/test/resources/app/iOS.Simulator.SauceLabs.Mobile.Sample.app.2.7.1.app
[logs/iOS_iPhone 14 Pro Max INFO ] 2023-08-16 14:20:34.994 BaseTest:245 - driver initialized: IOSDriver:  on IOS (df64b680-74e7-41f7-8b62-daef316d943e)
[logs/iOS_iPhone 14 Pro Max INFO ] 2023-08-16 14:20:47.299 BaseTest:144 - Appium server stopped
[logs/iOS_iPhone 14 Pro Max INFO ] 2023-08-16 14:29:29.188 BaseTest:187 - log path: logs/iOS_iPhone 14 Pro Max
[logs/iOS_iPhone 14 Pro Max INFO ] 2023-08-16 14:29:29.235 BaseTest:194 - load config.properties
[logs/iOS_iPhone 14 Pro Max INFO ] 2023-08-16 14:29:29.238 BaseTest:199 - load strings/strings.xml
[logs/iOS_iPhone 14 Pro Max INFO ] 2023-08-16 14:29:29.257 BaseTest:234 - appUrl is/Users/annprodous/TDDFrameworkAlt/src/test/resources/app/iOS.Simulator.SauceLabs.Mobile.Sample.app.2.7.1.app
[logs/iOS_iPhone 14 Pro Max INFO ] 2023-08-16 14:29:36.952 BaseTest:245 - driver initialized: IOSDriver:  on IOS (12fa12ad-ff2d-407e-b426-1bc8ad2b872f)
[logs/iOS_iPhone 14 Pro Max INFO ] 2023-08-16 14:29:49.170 BaseTest:144 - Appium server stopped
[logs/iOS_iPhone 14 Pro Max INFO ] 2023-08-16 15:09:47.944 BaseTest:197 - log path: logs/iOS_iPhone 14 Pro Max
[logs/iOS_iPhone 14 Pro Max INFO ] 2023-08-16 15:09:47.989 BaseTest:204 - load config.properties
[logs/iOS_iPhone 14 Pro Max INFO ] 2023-08-16 15:09:47.992 BaseTest:209 - load strings/strings.xml
[logs/iOS_iPhone 14 Pro Max INFO ] 2023-08-16 15:09:48.010 BaseTest:241 - appUrl is/Users/annprodous/Documents/git/appiumcicd/src/test/resources/app/iOS.Simulator.SauceLabs.Mobile.Sample.app.2.7.1.app
[logs/iOS_iPhone 14 Pro Max INFO ] 2023-08-16 15:10:00.627 BaseTest:252 - driver initialized: IOSDriver:  on IOS (78a87793-baa0-4e35-9845-e5b2d83e14a7)
[logs/iOS_iPhone 14 Pro Max INFO ] 2023-08-16 15:10:13.066 BaseTest:153 - Appium server stopped
[logs/iOS_iPhone 14 Pro Max INFO ] 2023-08-16 15:17:57.693 BaseTest:197 - log path: logs/iOS_iPhone 14 Pro Max
[logs/iOS_iPhone 14 Pro Max INFO ] 2023-08-16 15:17:57.733 BaseTest:204 - load config.properties
[logs/iOS_iPhone 14 Pro Max INFO ] 2023-08-16 15:17:57.736 BaseTest:209 - load strings/strings.xml
[logs/iOS_iPhone 14 Pro Max INFO ] 2023-08-16 15:17:57.753 BaseTest:241 - appUrl is/Users/annprodous/Documents/git/appiumcicd/src/test/resources/app/iOS.Simulator.SauceLabs.Mobile.Sample.app.2.7.1.app
[logs/iOS_iPhone 14 Pro Max INFO ] 2023-08-16 15:18:09.296 BaseTest:252 - driver initialized: IOSDriver:  on IOS (ead4b34a-7c18-4abd-a996-43fd006e13e3)
[logs/iOS_iPhone 14 Pro Max INFO ] 2023-08-16 15:18:16.969 LoginTests:65 - 
****** starting test:invalidPassword******

[logs/iOS_iPhone 14 Pro Max INFO ] 2023-08-16 15:18:20.540 BaseTest:293 - login with standard_user
[logs/iOS_iPhone 14 Pro Max INFO ] 2023-08-16 15:18:22.797 BaseTest:293 - password is invalidpassword
[logs/iOS_iPhone 14 Pro Max INFO ] 2023-08-16 15:18:23.749 BaseTest:282 - press login button
[logs/iOS_iPhone 14 Pro Max INFO ] 2023-08-16 15:18:25.521 BaseTest:313 - error text is - Username and password do not match any user in this service.
[logs/iOS_iPhone 14 Pro Max INFO ] 2023-08-16 15:18:26.415 LoginTests:65 - 
****** starting test:invalidUserName******

[logs/iOS_iPhone 14 Pro Max INFO ] 2023-08-16 15:18:28.787 BaseTest:293 - login with invalidusername
[logs/iOS_iPhone 14 Pro Max INFO ] 2023-08-16 15:18:31.371 BaseTest:293 - password is secret_sauce
[logs/iOS_iPhone 14 Pro Max INFO ] 2023-08-16 15:18:32.226 BaseTest:282 - press login button
[logs/iOS_iPhone 14 Pro Max INFO ] 2023-08-16 15:18:33.843 BaseTest:313 - error text is - Username and password do not match any user in this service.
[logs/iOS_iPhone 14 Pro Max INFO ] 2023-08-16 15:18:34.948 LoginTests:65 - 
****** starting test:successfulLogin******

[logs/iOS_iPhone 14 Pro Max INFO ] 2023-08-16 15:18:37.133 BaseTest:293 - login with standard_user
[logs/iOS_iPhone 14 Pro Max INFO ] 2023-08-16 15:18:39.590 BaseTest:293 - password is secret_sauce
[logs/iOS_iPhone 14 Pro Max INFO ] 2023-08-16 15:18:40.501 BaseTest:282 - press login button
[logs/iOS_iPhone 14 Pro Max INFO ] 2023-08-16 15:18:43.128 BaseTest:313 - product page title is - PRODUCTS
[logs/iOS_iPhone 14 Pro Max INFO ] 2023-08-16 15:18:47.096 ProductTests:70 - 
****** starting test:validateProductOnProductDetailsPage******

[logs/iOS_iPhone 14 Pro Max INFO ] 2023-08-16 15:18:49.089 BaseTest:293 - login with standard_user
[logs/iOS_iPhone 14 Pro Max INFO ] 2023-08-16 15:18:51.349 BaseTest:293 - password is secret_sauce
[logs/iOS_iPhone 14 Pro Max INFO ] 2023-08-16 15:18:52.174 BaseTest:282 - press login button
[logs/iOS_iPhone 14 Pro Max INFO ] 2023-08-16 15:18:53.839 BaseTest:282 - press SLB tile link
[logs/iOS_iPhone 14 Pro Max INFO ] 2023-08-16 15:18:55.645 BaseTest:313 - title is - Sauce Labs Backpack
[logs/iOS_iPhone 14 Pro Max INFO ] 2023-08-16 15:18:56.181 BaseTest:313 - txt is - carry.allTheThings() with the sleek, streamlined Sly Pack that melds uncompromising style with unequaled laptop and tablet protection.
[logs/iOS_iPhone 14 Pro Max ERROR] 2023-08-16 15:19:03.256 TestListener:34 - java.lang.AssertionError: The following asserts failed:
	expected [null] but found [Sauce Labs Backpack],
	expected [null] but found [carry.allTheThings() with the sleek, streamlined Sly Pack that melds uncompromising style with unequaled laptop and tablet protection.]
	at org.testng.asserts.SoftAssert.assertAll(SoftAssert.java:46)
	at org.testng.asserts.SoftAssert.assertAll(SoftAssert.java:30)
	at com.qa.tests.ProductTests.validateProductOnProductDetailsPage(ProductTests.java:117)
	at java.base/jdk.internal.reflect.NativeMethodAccessorImpl.invoke0(Native Method)
	at java.base/jdk.internal.reflect.NativeMethodAccessorImpl.invoke(NativeMethodAccessorImpl.java:64)
	at java.base/jdk.internal.reflect.DelegatingMethodAccessorImpl.invoke(DelegatingMethodAccessorImpl.java:43)
	at java.base/java.lang.reflect.Method.invoke(Method.java:564)
	at org.testng.internal.invokers.MethodInvocationHelper.invokeMethod(MethodInvocationHelper.java:139)
	at org.testng.internal.invokers.TestInvoker.invokeMethod(TestInvoker.java:664)
	at org.testng.internal.invokers.TestInvoker.invokeTestMethod(TestInvoker.java:227)
	at org.testng.internal.invokers.MethodRunner.runInSequence(MethodRunner.java:50)
	at org.testng.internal.invokers.TestInvoker$MethodInvocationAgent.invoke(TestInvoker.java:957)
	at org.testng.internal.invokers.TestInvoker.invokeTestMethods(TestInvoker.java:200)
	at org.testng.internal.invokers.TestMethodWorker.invokeTestMethods(TestMethodWorker.java:148)
	at org.testng.internal.invokers.TestMethodWorker.run(TestMethodWorker.java:128)
	at java.base/java.util.ArrayList.forEach(ArrayList.java:1511)
	at org.testng.TestRunner.privateRun(TestRunner.java:848)
	at org.testng.TestRunner.run(TestRunner.java:621)
	at org.testng.SuiteRunner.runTest(SuiteRunner.java:443)
	at org.testng.SuiteRunner.runSequentially(SuiteRunner.java:437)
	at org.testng.SuiteRunner.privateRun(SuiteRunner.java:397)
	at org.testng.SuiteRunner.run(SuiteRunner.java:336)
	at org.testng.SuiteRunnerWorker.runSuite(SuiteRunnerWorker.java:52)
	at org.testng.SuiteRunnerWorker.run(SuiteRunnerWorker.java:95)
	at org.testng.TestNG.runSuitesSequentially(TestNG.java:1280)
	at org.testng.TestNG.runSuitesLocally(TestNG.java:1200)
	at org.testng.TestNG.runSuites(TestNG.java:1114)
	at org.testng.TestNG.run(TestNG.java:1082)
	at org.apache.maven.surefire.testng.TestNGExecutor.run(TestNGExecutor.java:308)
	at org.apache.maven.surefire.testng.TestNGXmlTestSuite.execute(TestNGXmlTestSuite.java:71)
	at org.apache.maven.surefire.testng.TestNGProvider.invoke(TestNGProvider.java:113)
	at org.apache.maven.surefire.booter.ForkedBooter.runSuitesInProcess(ForkedBooter.java:385)
	at org.apache.maven.surefire.booter.ForkedBooter.execute(ForkedBooter.java:162)
	at org.apache.maven.surefire.booter.ForkedBooter.run(ForkedBooter.java:507)
	at org.apache.maven.surefire.booter.ForkedBooter.main(ForkedBooter.java:495)

[logs/iOS_iPhone 14 Pro Max INFO ] 2023-08-16 15:19:03.996 BaseTest:282 - press Settings button
[logs/iOS_iPhone 14 Pro Max INFO ] 2023-08-16 15:19:22.195 BaseTest:153 - Appium server stopped
[logs/iOS_iPhone 14 Pro Max INFO ] 2023-08-16 15:30:37.915 BaseTest:197 - log path: logs/iOS_iPhone 14 Pro Max
[logs/iOS_iPhone 14 Pro Max INFO ] 2023-08-16 15:30:37.957 BaseTest:204 - load config.properties
[logs/iOS_iPhone 14 Pro Max INFO ] 2023-08-16 15:30:37.961 BaseTest:209 - load strings/strings.xml
[logs/iOS_iPhone 14 Pro Max INFO ] 2023-08-16 15:30:37.981 BaseTest:241 - appUrl is/Users/annprodous/Documents/git/appiumcicd/src/test/resources/app/iOS.Simulator.SauceLabs.Mobile.Sample.app.2.7.1.app
[logs/iOS_iPhone 14 Pro Max INFO ] 2023-08-16 15:30:45.958 BaseTest:252 - driver initialized: IOSDriver:  on IOS (d8bc51c3-8f02-4b86-856a-e714628645ba)
[logs/iOS_iPhone 14 Pro Max INFO ] 2023-08-16 15:30:49.143 LoginTests:65 - 
****** starting test:invalidPassword******

[logs/iOS_iPhone 14 Pro Max INFO ] 2023-08-16 15:30:52.130 BaseTest:293 - login with standard_user
[logs/iOS_iPhone 14 Pro Max INFO ] 2023-08-16 15:30:54.503 BaseTest:293 - password is invalidpassword
[logs/iOS_iPhone 14 Pro Max INFO ] 2023-08-16 15:30:55.464 BaseTest:282 - press login button
[logs/iOS_iPhone 14 Pro Max INFO ] 2023-08-16 15:30:57.253 BaseTest:313 - error text is - Username and password do not match any user in this service.
[logs/iOS_iPhone 14 Pro Max INFO ] 2023-08-16 15:30:58.172 LoginTests:65 - 
****** starting test:invalidUserName******

[logs/iOS_iPhone 14 Pro Max INFO ] 2023-08-16 15:31:00.392 BaseTest:293 - login with invalidusername
[logs/iOS_iPhone 14 Pro Max INFO ] 2023-08-16 15:31:02.998 BaseTest:293 - password is secret_sauce
[logs/iOS_iPhone 14 Pro Max INFO ] 2023-08-16 15:31:03.846 BaseTest:282 - press login button
[logs/iOS_iPhone 14 Pro Max INFO ] 2023-08-16 15:31:05.406 BaseTest:313 - error text is - Username and password do not match any user in this service.
[logs/iOS_iPhone 14 Pro Max INFO ] 2023-08-16 15:31:06.300 LoginTests:65 - 
****** starting test:successfulLogin******

[logs/iOS_iPhone 14 Pro Max INFO ] 2023-08-16 15:31:08.588 BaseTest:293 - login with standard_user
[logs/iOS_iPhone 14 Pro Max INFO ] 2023-08-16 15:31:11.161 BaseTest:293 - password is secret_sauce
[logs/iOS_iPhone 14 Pro Max INFO ] 2023-08-16 15:31:12.023 BaseTest:282 - press login button
[logs/iOS_iPhone 14 Pro Max INFO ] 2023-08-16 15:31:14.213 BaseTest:313 - product page title is - PRODUCTS
[logs/iOS_iPhone 14 Pro Max INFO ] 2023-08-16 15:31:17.980 ProductTests:70 - 
****** starting test:validateProductOnProductDetailsPage******

[logs/iOS_iPhone 14 Pro Max INFO ] 2023-08-16 15:31:20.408 BaseTest:293 - login with standard_user
[logs/iOS_iPhone 14 Pro Max INFO ] 2023-08-16 15:31:22.660 BaseTest:293 - password is secret_sauce
[logs/iOS_iPhone 14 Pro Max INFO ] 2023-08-16 15:31:23.498 BaseTest:282 - press login button
[logs/iOS_iPhone 14 Pro Max INFO ] 2023-08-16 15:31:25.081 BaseTest:282 - press SLB tile link
[logs/iOS_iPhone 14 Pro Max INFO ] 2023-08-16 15:31:26.773 BaseTest:313 - title is - Sauce Labs Backpack
[logs/iOS_iPhone 14 Pro Max INFO ] 2023-08-16 15:31:27.371 BaseTest:313 - txt is - carry.allTheThings() with the sleek, streamlined Sly Pack that melds uncompromising style with unequaled laptop and tablet protection.
[logs/iOS_iPhone 14 Pro Max ERROR] 2023-08-16 15:31:34.423 TestListener:34 - java.lang.AssertionError: The following asserts failed:
	expected [null] but found [Sauce Labs Backpack],
	expected [null] but found [carry.allTheThings() with the sleek, streamlined Sly Pack that melds uncompromising style with unequaled laptop and tablet protection.]
	at org.testng.asserts.SoftAssert.assertAll(SoftAssert.java:46)
	at org.testng.asserts.SoftAssert.assertAll(SoftAssert.java:30)
	at com.qa.tests.ProductTests.validateProductOnProductDetailsPage(ProductTests.java:115)
	at java.base/jdk.internal.reflect.NativeMethodAccessorImpl.invoke0(Native Method)
	at java.base/jdk.internal.reflect.NativeMethodAccessorImpl.invoke(NativeMethodAccessorImpl.java:64)
	at java.base/jdk.internal.reflect.DelegatingMethodAccessorImpl.invoke(DelegatingMethodAccessorImpl.java:43)
	at java.base/java.lang.reflect.Method.invoke(Method.java:564)
	at org.testng.internal.invokers.MethodInvocationHelper.invokeMethod(MethodInvocationHelper.java:139)
	at org.testng.internal.invokers.TestInvoker.invokeMethod(TestInvoker.java:664)
	at org.testng.internal.invokers.TestInvoker.invokeTestMethod(TestInvoker.java:227)
	at org.testng.internal.invokers.MethodRunner.runInSequence(MethodRunner.java:50)
	at org.testng.internal.invokers.TestInvoker$MethodInvocationAgent.invoke(TestInvoker.java:957)
	at org.testng.internal.invokers.TestInvoker.invokeTestMethods(TestInvoker.java:200)
	at org.testng.internal.invokers.TestMethodWorker.invokeTestMethods(TestMethodWorker.java:148)
	at org.testng.internal.invokers.TestMethodWorker.run(TestMethodWorker.java:128)
	at java.base/java.util.ArrayList.forEach(ArrayList.java:1511)
	at org.testng.TestRunner.privateRun(TestRunner.java:848)
	at org.testng.TestRunner.run(TestRunner.java:621)
	at org.testng.SuiteRunner.runTest(SuiteRunner.java:443)
	at org.testng.SuiteRunner.runSequentially(SuiteRunner.java:437)
	at org.testng.SuiteRunner.privateRun(SuiteRunner.java:397)
	at org.testng.SuiteRunner.run(SuiteRunner.java:336)
	at org.testng.SuiteRunnerWorker.runSuite(SuiteRunnerWorker.java:52)
	at org.testng.SuiteRunnerWorker.run(SuiteRunnerWorker.java:95)
	at org.testng.TestNG.runSuitesSequentially(TestNG.java:1280)
	at org.testng.TestNG.runSuitesLocally(TestNG.java:1200)
	at org.testng.TestNG.runSuites(TestNG.java:1114)
	at org.testng.TestNG.run(TestNG.java:1082)
	at org.apache.maven.surefire.testng.TestNGExecutor.run(TestNGExecutor.java:308)
	at org.apache.maven.surefire.testng.TestNGXmlTestSuite.execute(TestNGXmlTestSuite.java:71)
	at org.apache.maven.surefire.testng.TestNGProvider.invoke(TestNGProvider.java:113)
	at org.apache.maven.surefire.booter.ForkedBooter.runSuitesInProcess(ForkedBooter.java:385)
	at org.apache.maven.surefire.booter.ForkedBooter.execute(ForkedBooter.java:162)
	at org.apache.maven.surefire.booter.ForkedBooter.run(ForkedBooter.java:507)
	at org.apache.maven.surefire.booter.ForkedBooter.main(ForkedBooter.java:495)

[logs/iOS_iPhone 14 Pro Max INFO ] 2023-08-16 15:31:35.072 BaseTest:282 - press Settings button
[logs/iOS_iPhone 14 Pro Max INFO ] 2023-08-16 15:31:53.207 BaseTest:153 - Appium server stopped
[logs/iOS_iPhone 14 Pro Max INFO ] 2023-08-16 15:38:36.550 BaseTest:197 - log path: logs/iOS_iPhone 14 Pro Max
[logs/iOS_iPhone 14 Pro Max INFO ] 2023-08-16 15:38:36.590 BaseTest:204 - load config.properties
[logs/iOS_iPhone 14 Pro Max INFO ] 2023-08-16 15:38:36.594 BaseTest:209 - load strings/strings.xml
[logs/iOS_iPhone 14 Pro Max INFO ] 2023-08-16 15:38:36.624 BaseTest:241 - appUrl is/Users/annprodous/Documents/git/appiumcicd/src/test/resources/app/iOS.Simulator.SauceLabs.Mobile.Sample.app.2.7.1.app
[logs/iOS_iPhone 14 Pro Max INFO ] 2023-08-16 15:39:34.288 BaseTest:252 - driver initialized: IOSDriver:  on IOS (6baf7d0b-2ea0-4d65-b80b-95d823bcaf63)
[logs/iOS_iPhone 14 Pro Max INFO ] 2023-08-16 15:39:37.539 LoginTests:65 - 
****** starting test:invalidPassword******

[logs/iOS_iPhone 14 Pro Max INFO ] 2023-08-16 15:39:40.458 BaseTest:293 - login with standard_user
[logs/iOS_iPhone 14 Pro Max INFO ] 2023-08-16 15:39:42.858 BaseTest:293 - password is invalidpassword
[logs/iOS_iPhone 14 Pro Max INFO ] 2023-08-16 15:39:43.815 BaseTest:282 - press login button
[logs/iOS_iPhone 14 Pro Max INFO ] 2023-08-16 15:39:45.577 BaseTest:313 - error text is - Username and password do not match any user in this service.
[logs/iOS_iPhone 14 Pro Max INFO ] 2023-08-16 15:39:46.483 LoginTests:65 - 
****** starting test:invalidUserName******

[logs/iOS_iPhone 14 Pro Max INFO ] 2023-08-16 15:39:48.731 BaseTest:293 - login with invalidusername
[logs/iOS_iPhone 14 Pro Max INFO ] 2023-08-16 15:39:51.322 BaseTest:293 - password is secret_sauce
[logs/iOS_iPhone 14 Pro Max INFO ] 2023-08-16 15:39:52.172 BaseTest:282 - press login button
[logs/iOS_iPhone 14 Pro Max INFO ] 2023-08-16 15:39:53.757 BaseTest:313 - error text is - Username and password do not match any user in this service.
[logs/iOS_iPhone 14 Pro Max INFO ] 2023-08-16 15:39:54.692 LoginTests:65 - 
****** starting test:successfulLogin******

[logs/iOS_iPhone 14 Pro Max INFO ] 2023-08-16 15:39:56.855 BaseTest:293 - login with standard_user
[logs/iOS_iPhone 14 Pro Max INFO ] 2023-08-16 15:39:59.234 BaseTest:293 - password is secret_sauce
[logs/iOS_iPhone 14 Pro Max INFO ] 2023-08-16 15:40:00.088 BaseTest:282 - press login button
[logs/iOS_iPhone 14 Pro Max INFO ] 2023-08-16 15:40:02.220 BaseTest:313 - product page title is - PRODUCTS
[logs/iOS_iPhone 14 Pro Max INFO ] 2023-08-16 15:40:07.298 BaseTest:153 - Appium server stopped
