<!DOCTYPE html PUBLIC "-//W3C//DTD XHTML 1.1//EN" "https://www.w3.org/TR/xhtml11/DTD/xhtml11.dtd">
<html xmlns="https://www.w3.org/1999/xhtml">
<head>
<meta http-equiv="content-type" content="text/html; charset=UTF-8"/>
<title>TestNG Report</title>
<style type="text/css">table {margin-bottom:10px;border-collapse:collapse;empty-cells:show}th,td {border:1px solid #009;padding:.25em .5em}th {vertical-align:bottom}td {vertical-align:top}table a {font-weight:bold}.stripe td {background-color: #E6EBF9}.num {text-align:right}.passedodd td {background-color: #3F3}.passedeven td {background-color: #0A0}.skippedodd td {background-color: #DDD}.skippedeven td {background-color: #CCC}.failedodd td,.attn {background-color: #F33}.failedeven td,.stripe .attn {background-color: #D00}.stacktrace {white-space:pre;font-family:monospace}.totop {font-size:85%;text-align:center;border-bottom:2px solid #000}.invisible {display:none}</style>
</head>
<body>
<table>
<tr><th>Test</th><th># Passed</th><th># Skipped</th><th># Retried</th><th># Failed</th><th>Time (ms)</th><th>Included Groups</th><th>Excluded Groups</th></tr>
<tr><th colspan="8">Suite</th></tr>
<tr><td><a href="#t0">Pixel_5</a></td><td class="num">3</td><td class="num attn">1</td><td class="num">0</td><td class="num attn">1</td><td class="num">79,117</td><td></td><td></td></tr>
</table>
<table id='summary'><thead><tr><th>Class</th><th>Method</th><th>Start</th><th>Time (ms)</th></tr></thead><tbody><tr><th colspan="4">Suite</th></tr></tbody><tbody id="t0"><tr><th colspan="4">Pixel_5 &#8212; failed (configuration methods)</th></tr><tr class="failedeven"><td rowspan="1">com.qa.tests.ProductTests</td><td><a href="#m0">afterMethod</a></td><td rowspan="1">1692188343676</td><td rowspan="1">11783</td></tr><tr><th colspan="4">Pixel_5 &#8212; failed</th></tr><tr class="failedeven"><td rowspan="1">com.qa.tests.ProductTests</td><td><a href="#m1">validateProductOnProductDetailsPage</a></td><td rowspan="1">1692188333258</td><td rowspan="1">9994</td></tr><tr><th colspan="4">Pixel_5 &#8212; skipped (configuration methods)</th></tr><tr class="skippedeven"><td rowspan="4">com.qa.tests.ProductTests</td><td><a href="#m2">afterClass</a></td><td rowspan="1">1692188355479</td><td rowspan="1">0</td></tr><tr class="skippedeven"><td><a href="#m3">afterMethod</a></td><td rowspan="1">1692188355478</td><td rowspan="1">0</td></tr><tr class="skippedeven"><td><a href="#m4">beforeMethod</a></td><td rowspan="2">1692188355470</td><td rowspan="2">0</td></tr><tr class="skippedeven"><td><a href="#m5">beforeMethod</a></td></tr><tr><th colspan="4">Pixel_5 &#8212; skipped</th></tr><tr class="skippedeven"><td rowspan="1">com.qa.tests.ProductTests</td><td><a href="#m6">validateProductOnProductsPage</a></td><td rowspan="1">1692188355474</td><td rowspan="1">0</td></tr><tr><th colspan="4">Pixel_5 &#8212; passed</th></tr><tr class="passedeven"><td rowspan="3">com.qa.tests.LoginTests</td><td><a href="#m7">invalidPassword</a></td><td rowspan="1">1692188297870</td><td rowspan="1">7656</td></tr><tr class="passedeven"><td><a href="#m8">invalidUserName</a></td><td rowspan="1">1692188306837</td><td rowspan="1">7006</td></tr><tr class="passedeven"><td><a href="#m9">successfulLogin</a></td><td rowspan="1">1692188315219</td><td rowspan="1">7911</td></tr></tbody>
</table>
<h2>Pixel_5</h2><h3 id="m0">com.qa.tests.ProductTests#afterMethod</h3><table class="result"><tr><th>Exception</th></tr><tr><td><div class="stacktrace">org.openqa.selenium.TimeoutException: Expected condition failed: waiting for visibility of Located by By.chained({AppiumBy.id: test-LOGOUT}) (tried for 10 second(s) with 500 milliseconds interval)
Build info: version: &apos;4.11.0&apos;, revision: &apos;040bc5406b&apos;
System info: os.name: &apos;Mac OS X&apos;, os.arch: &apos;x86_64&apos;, os.version: &apos;10.16&apos;, java.version: &apos;15.0.2&apos;
Driver info: io.appium.java_client.ios.IOSDriver
Capabilities {appium:app: /Users/annprodous/Documents..., appium:automationName: XCUITest, appium:bundleId: com.saucelabs.SwagLabsMobil..., appium:databaseEnabled: false, appium:deviceName: iPhone 14 Pro Max, appium:javascriptEnabled: true, appium:locationContextEnabled: false, appium:networkConnectionEnabled: false, appium:takesScreenshot: true, appium:udid: 90BAEFB6-D016-4D55-B9F4-83E..., appium:wdaLocalPort: 10001, appium:webStorageEnabled: false, appium:webkitDebugProxyPort: 11001, platformName: IOS}
Session ID: ead4b34a-7c18-4abd-a996-43fd006e13e3
	at org.openqa.selenium.support.ui.WebDriverWait.timeoutException(WebDriverWait.java:84)
	at org.openqa.selenium.support.ui.FluentWait.until(FluentWait.java:230)
	at com.qa.BaseTest.waitForVisibility(BaseTest.java:268)
	at com.qa.BaseTest.click(BaseTest.java:277)
	at com.qa.pages.SettingsPage.pressLogoutBtn(SettingsPage.java:25)
	at com.qa.tests.ProductTests.afterMethod(ProductTests.java:79)
	at java.base/java.util.ArrayList.forEach(ArrayList.java:1511)
... Removed 36 stack frames</div></td></tr></table><p class="totop"><a href="#summary">back to summary</a></p>
<h3 id="m1">com.qa.tests.ProductTests#validateProductOnProductDetailsPage</h3><table class="result"><tr><th>Messages</th></tr><tr><td><div class="messages">This is the sample screenshot<br/><a href='/Users/annprodous/Documents/git/appiumcicd/Screenshots/iOS_16.4_iPhone 14 Pro Max/2023-08-16-15-17-57/ProductTests/validateProductOnProductDetailsPage.png'>img src='/Users/annprodous/Documents/git/appiumcicd/Screenshots/iOS_16.4_iPhone 14 Pro Max/2023-08-16-15-17-57/ProductTests/validateProductOnProductDetailsPage.png' height='100' width='100'/> </a></div></td></tr><tr><th>Exception</th></tr><tr><td><div class="stacktrace">java.lang.AssertionError: The following asserts failed:
	expected [null] but found [Sauce Labs Backpack],
	expected [null] but found [carry.allTheThings() with the sleek, streamlined Sly Pack that melds uncompromising style with unequaled laptop and tablet protection.]
	at com.qa.tests.ProductTests.validateProductOnProductDetailsPage(ProductTests.java:117)
	at java.base/java.util.ArrayList.forEach(ArrayList.java:1511)
... Removed 33 stack frames</div></td></tr></table><p class="totop"><a href="#summary">back to summary</a></p>
<h3 id="m2">com.qa.tests.ProductTests#afterClass</h3><table class="result"><tr><th class="invisible"/></tr></table><p class="totop"><a href="#summary">back to summary</a></p>
<h3 id="m3">com.qa.tests.ProductTests#afterMethod</h3><table class="result"><tr><th class="invisible"/></tr></table><p class="totop"><a href="#summary">back to summary</a></p>
<h3 id="m4">com.qa.tests.ProductTests#beforeMethod</h3><table class="result"><tr><th class="invisible"/></tr></table><p class="totop"><a href="#summary">back to summary</a></p>
<h3 id="m5">com.qa.tests.ProductTests#beforeMethod</h3><table class="result"><tr><th class="invisible"/></tr></table><p class="totop"><a href="#summary">back to summary</a></p>
<h3 id="m6">com.qa.tests.ProductTests#validateProductOnProductsPage</h3><table class="result"><tr><th>Exception</th></tr><tr><td><div class="stacktrace">org.openqa.selenium.TimeoutException: Expected condition failed: waiting for visibility of Located by By.chained({AppiumBy.id: test-LOGOUT}) (tried for 10 second(s) with 500 milliseconds interval)
Build info: version: &apos;4.11.0&apos;, revision: &apos;040bc5406b&apos;
System info: os.name: &apos;Mac OS X&apos;, os.arch: &apos;x86_64&apos;, os.version: &apos;10.16&apos;, java.version: &apos;15.0.2&apos;
Driver info: io.appium.java_client.ios.IOSDriver
Capabilities {appium:app: /Users/annprodous/Documents..., appium:automationName: XCUITest, appium:bundleId: com.saucelabs.SwagLabsMobil..., appium:databaseEnabled: false, appium:deviceName: iPhone 14 Pro Max, appium:javascriptEnabled: true, appium:locationContextEnabled: false, appium:networkConnectionEnabled: false, appium:takesScreenshot: true, appium:udid: 90BAEFB6-D016-4D55-B9F4-83E..., appium:wdaLocalPort: 10001, appium:webStorageEnabled: false, appium:webkitDebugProxyPort: 11001, platformName: IOS}
Session ID: ead4b34a-7c18-4abd-a996-43fd006e13e3
	at org.openqa.selenium.support.ui.WebDriverWait.timeoutException(WebDriverWait.java:84)
	at org.openqa.selenium.support.ui.FluentWait.until(FluentWait.java:230)
	at com.qa.BaseTest.waitForVisibility(BaseTest.java:268)
	at com.qa.BaseTest.click(BaseTest.java:277)
	at com.qa.pages.SettingsPage.pressLogoutBtn(SettingsPage.java:25)
	at com.qa.tests.ProductTests.afterMethod(ProductTests.java:79)
	at java.base/java.util.ArrayList.forEach(ArrayList.java:1511)
... Removed 36 stack frames</div></td></tr></table><p class="totop"><a href="#summary">back to summary</a></p>
<h3 id="m7">com.qa.tests.LoginTests#invalidPassword</h3><table class="result"><tr><th class="invisible"/></tr></table><p class="totop"><a href="#summary">back to summary</a></p>
<h3 id="m8">com.qa.tests.LoginTests#invalidUserName</h3><table class="result"><tr><th class="invisible"/></tr></table><p class="totop"><a href="#summary">back to summary</a></p>
<h3 id="m9">com.qa.tests.LoginTests#successfulLogin</h3><table class="result"><tr><th class="invisible"/></tr></table><p class="totop"><a href="#summary">back to summary</a></p>
</body>
</html>
